<?xml version="1.0" encoding="UTF-8"?>
<testng-results skipped="0" failed="0" total="1" passed="1">
  <reporter-output>
  </reporter-output>
  <suite name="Example test run" duration-ms="48955" started-at="2018-05-25T03:24:05Z" finished-at="2018-05-25T03:24:54Z">
    <groups>
    </groups>
    <test name="Simple Test" duration-ms="48955" started-at="2018-05-25T03:24:05Z" finished-at="2018-05-25T03:24:54Z">
      <class name="mainProgram.NewTest">
        <test-method status="PASS" signature="f()[pri:0, instance:mainProgram.NewTest@53dbe163]" name="f" duration-ms="48937" started-at="2018-05-25T08:54:05Z" finished-at="2018-05-25T08:54:54Z">
          <reporter-output>
          </reporter-output>
        </test-method> <!-- f -->
      </class> <!-- mainProgram.NewTest -->
    </test> <!-- Simple Test -->
  </suite> <!-- Example test run -->
</testng-results>
