<?xml version="1.0" encoding="UTF-8"?>
<testng-results skipped="0" failed="0" total="1" passed="1">
  <reporter-output>
  </reporter-output>
  <suite name="Example test run" duration-ms="77352" started-at="2018-05-26T11:08:47Z" finished-at="2018-05-26T11:10:05Z">
    <groups>
    </groups>
    <test name="Simple Test" duration-ms="77352" started-at="2018-05-26T11:08:47Z" finished-at="2018-05-26T11:10:05Z">
      <class name="mainProgram.NewTest">
        <test-method status="PASS" signature="f()[pri:0, instance:mainProgram.NewTest@53dbe163]" name="f" duration-ms="77320" started-at="2018-05-26T16:38:47Z" finished-at="2018-05-26T16:40:05Z">
          <reporter-output>
          </reporter-output>
        </test-method> <!-- f -->
      </class> <!-- mainProgram.NewTest -->
    </test> <!-- Simple Test -->
  </suite> <!-- Example test run -->
</testng-results>
